21:55:39.088 INFO  manager.ApplicationManager - All tests run in chrome browser
21:55:40.231 INFO  manager.ApplicationManager - Current Url___>https://contacts-app.tobbymarshall815.vercel.app/home
21:55:40.272 INFO  tests.TestBase - Start method with name -->addNewContactCSV
21:55:45.318 INFO  manager.MyListener - WebDriver start find element: By.xpath: //*[text()='LOGIN']
21:55:45.349 INFO  manager.MyListener - WebDriver found element:By.xpath: //*[text()='LOGIN']
21:55:45.417 INFO  manager.MyListener - WebDriver start find element: By.xpath: //input[1]
21:55:45.446 INFO  manager.MyListener - WebDriver found element:By.xpath: //input[1]
21:55:45.543 INFO  manager.MyListener - WebDriver start find element: By.xpath: //input[2]
21:55:45.575 INFO  manager.MyListener - WebDriver found element:By.xpath: //input[2]
21:55:46.028 INFO  manager.MyListener - WebDriver start find element: By.xpath: //button[1]
21:55:46.044 INFO  manager.MyListener - WebDriver found element:By.xpath: //button[1]
21:55:46.082 INFO  tests.TestBase - User: 
21:55:46.097 INFO  manager.MyListener - WebDriver start find element: By.xpath: //*[text()='ADD']
21:55:46.870 INFO  manager.MyListener - WebDriver found element:By.xpath: //*[text()='ADD']
21:55:46.902 INFO  manager.MyListener - WebDriver start find element: By.xpath: //input
21:55:46.923 INFO  manager.MyListener - WebDriver found element:By.xpath: //input
21:55:46.996 INFO  manager.MyListener - WebDriver start find element: By.xpath: //input[2]
21:55:47.010 INFO  manager.MyListener - WebDriver found element:By.xpath: //input[2]
21:55:47.076 INFO  manager.MyListener - WebDriver start find element: By.xpath: //input[3]
21:55:47.092 INFO  manager.MyListener - WebDriver found element:By.xpath: //input[3]
21:55:47.168 INFO  manager.MyListener - WebDriver start find element: By.xpath: //input[4]
21:55:47.186 INFO  manager.MyListener - WebDriver found element:By.xpath: //input[4]
21:55:47.265 INFO  manager.MyListener - WebDriver start find element: By.xpath: //input[5]
21:55:47.282 INFO  manager.MyListener - WebDriver found element:By.xpath: //input[5]
21:55:47.361 INFO  manager.MyListener - WebDriver start find element: By.xpath: //input[6]
21:55:47.378 INFO  manager.MyListener - WebDriver found element:By.xpath: //input[6]
21:55:47.454 INFO  manager.MyListener - WebDriver start find element: By.cssSelector: [placeholder='description']
21:55:47.468 INFO  manager.MyListener - WebDriver found element:By.cssSelector: [placeholder='description']
21:55:47.484 INFO  manager.MyListener - WebDriver start find element: By.cssSelector: .add_form__2rsm2 button
21:55:47.499 INFO  manager.MyListener - WebDriver found element:By.cssSelector: .add_form__2rsm2 button
21:55:47.969 INFO  tests.TestBase - Start method with name -->addNewContactCSV
21:55:47.987 INFO  manager.MyListener - WebDriver start find element: By.xpath: //*[text()='ADD']
21:55:48.003 INFO  manager.MyListener - WebDriver found element:By.xpath: //*[text()='ADD']
21:55:48.023 INFO  manager.MyListener - WebDriver start find element: By.xpath: //input
21:55:48.037 INFO  manager.MyListener - WebDriver found element:By.xpath: //input
21:55:48.101 INFO  manager.MyListener - WebDriver start find element: By.xpath: //input[2]
21:55:48.114 INFO  manager.MyListener - WebDriver found element:By.xpath: //input[2]
21:55:48.175 INFO  manager.MyListener - WebDriver start find element: By.xpath: //input[3]
21:55:48.197 INFO  manager.MyListener - WebDriver found element:By.xpath: //input[3]
21:55:48.278 INFO  manager.MyListener - WebDriver start find element: By.xpath: //input[4]
21:55:48.288 INFO  manager.MyListener - WebDriver found element:By.xpath: //input[4]
21:55:48.367 INFO  manager.MyListener - WebDriver start find element: By.xpath: //input[5]
21:55:48.378 INFO  manager.MyListener - WebDriver found element:By.xpath: //input[5]
21:55:48.463 INFO  manager.MyListener - WebDriver start find element: By.xpath: //input[6]
21:55:48.480 INFO  manager.MyListener - WebDriver found element:By.xpath: //input[6]
21:55:48.559 INFO  manager.MyListener - WebDriver start find element: By.cssSelector: [placeholder='description']
21:55:48.572 INFO  manager.MyListener - WebDriver found element:By.cssSelector: [placeholder='description']
21:55:48.590 INFO  manager.MyListener - WebDriver start find element: By.cssSelector: .add_form__2rsm2 button
21:55:48.606 INFO  manager.MyListener - WebDriver found element:By.cssSelector: .add_form__2rsm2 button
21:55:48.944 INFO  tests.TestBase - Start method with name -->addNewContactCSV
21:55:48.956 INFO  manager.MyListener - WebDriver start find element: By.xpath: //*[text()='ADD']
21:55:48.966 INFO  manager.MyListener - WebDriver found element:By.xpath: //*[text()='ADD']
21:55:48.989 INFO  manager.MyListener - WebDriver start find element: By.xpath: //input
21:55:49.008 INFO  manager.MyListener - WebDriver found element:By.xpath: //input
21:55:49.081 INFO  manager.MyListener - WebDriver start find element: By.xpath: //input[2]
21:55:49.092 INFO  manager.MyListener - WebDriver found element:By.xpath: //input[2]
21:55:49.172 INFO  manager.MyListener - WebDriver start find element: By.xpath: //input[3]
21:55:49.183 INFO  manager.MyListener - WebDriver found element:By.xpath: //input[3]
21:55:49.258 INFO  manager.MyListener - WebDriver start find element: By.xpath: //input[4]
21:55:49.268 INFO  manager.MyListener - WebDriver found element:By.xpath: //input[4]
21:55:49.347 INFO  manager.MyListener - WebDriver start find element: By.xpath: //input[5]
21:55:49.359 INFO  manager.MyListener - WebDriver found element:By.xpath: //input[5]
21:55:49.431 INFO  manager.MyListener - WebDriver start find element: By.xpath: //input[6]
21:55:49.442 INFO  manager.MyListener - WebDriver found element:By.xpath: //input[6]
21:55:49.515 INFO  manager.MyListener - WebDriver start find element: By.cssSelector: [placeholder='description']
21:55:49.531 INFO  manager.MyListener - WebDriver found element:By.cssSelector: [placeholder='description']
21:55:49.546 INFO  manager.MyListener - WebDriver start find element: By.cssSelector: .add_form__2rsm2 button
21:55:49.555 INFO  manager.MyListener - WebDriver found element:By.cssSelector: .add_form__2rsm2 button
21:55:49.940 INFO  tests.TestBase - Start method with name -->addNewContactSuccess
21:55:49.955 INFO  tests.TestBase - Contact is --> Contact(name=Nora1010, lastName=Red, phone=6543-86710105533, email=noraR1010@mail.com, address=BeerSheva, description=university friend)
21:55:49.955 INFO  manager.MyListener - WebDriver start find element: By.xpath: //*[text()='ADD']
21:55:49.971 INFO  manager.MyListener - WebDriver found element:By.xpath: //*[text()='ADD']
21:55:49.999 INFO  manager.MyListener - WebDriver start find element: By.xpath: //input
21:55:50.013 INFO  manager.MyListener - WebDriver found element:By.xpath: //input
21:55:50.087 INFO  manager.MyListener - WebDriver start find element: By.xpath: //input[2]
21:55:50.098 INFO  manager.MyListener - WebDriver found element:By.xpath: //input[2]
21:55:50.167 INFO  manager.MyListener - WebDriver start find element: By.xpath: //input[3]
21:55:50.178 INFO  manager.MyListener - WebDriver found element:By.xpath: //input[3]
21:55:50.251 INFO  manager.MyListener - WebDriver start find element: By.xpath: //input[4]
21:55:50.260 INFO  manager.MyListener - WebDriver found element:By.xpath: //input[4]
21:55:50.338 INFO  manager.MyListener - WebDriver start find element: By.xpath: //input[5]
21:55:50.348 INFO  manager.MyListener - WebDriver found element:By.xpath: //input[5]
21:55:50.438 INFO  manager.MyListener - WebDriver start find element: By.xpath: //input[6]
21:55:50.447 INFO  manager.MyListener - WebDriver found element:By.xpath: //input[6]
21:55:50.521 INFO  manager.MyListener - WebDriver start find element: By.cssSelector: [placeholder='description']
21:55:50.533 INFO  manager.MyListener - WebDriver found element:By.cssSelector: [placeholder='description']
21:55:50.550 INFO  manager.MyListener - WebDriver start find element: By.cssSelector: .add_form__2rsm2 button
21:55:50.560 INFO  manager.MyListener - WebDriver found element:By.cssSelector: .add_form__2rsm2 button
21:55:50.921 INFO  tests.TestBase - Check name: Nora1010
21:55:50.973 INFO  tests.TestBase - Check phone: 6543-86710105533
21:55:50.973 INFO  tests.TestBase - Start method with name -->deleteContact
21:55:56.720 INFO  manager.HelperBase - Count before remove is 4
21:56:01.747 INFO  manager.HelperBase - List of contact is not empty
21:56:01.747 INFO  manager.MyListener - WebDriver start find element: By.cssSelector: h2
21:56:01.763 INFO  manager.MyListener - WebDriver found element:By.cssSelector: h2
21:56:01.794 INFO  manager.MyListener - WebDriver start find element: By.xpath: //button[text()='Remove']
21:56:01.810 INFO  manager.MyListener - WebDriver found element:By.xpath: //button[text()='Remove']
21:56:02.853 INFO  manager.HelperBase - Count after remove is 3
21:56:02.853 INFO  tests.TestBase - Start method with name -->removeAllContact
21:56:13.660 INFO  manager.MyListener - WebDriver start find element: By.cssSelector: h2
21:56:13.676 INFO  manager.MyListener - WebDriver found element:By.cssSelector: h2
21:56:13.704 INFO  manager.MyListener - WebDriver start find element: By.xpath: //button[text()='Remove']
21:56:13.722 INFO  manager.MyListener - WebDriver found element:By.xpath: //button[text()='Remove']
21:56:19.292 INFO  manager.MyListener - WebDriver start find element: By.cssSelector: h2
21:56:19.308 INFO  manager.MyListener - WebDriver found element:By.cssSelector: h2
21:56:19.334 INFO  manager.MyListener - WebDriver start find element: By.xpath: //button[text()='Remove']
21:56:19.344 INFO  manager.MyListener - WebDriver found element:By.xpath: //button[text()='Remove']
21:56:24.950 INFO  manager.MyListener - WebDriver start find element: By.cssSelector: h2
21:56:24.965 INFO  manager.MyListener - WebDriver found element:By.cssSelector: h2
21:56:24.999 INFO  manager.MyListener - WebDriver start find element: By.xpath: //button[text()='Remove']
21:56:25.012 INFO  manager.MyListener - WebDriver found element:By.xpath: //button[text()='Remove']
21:56:25.556 INFO  tests.TestBase - Start method with name -->loginASuccess
21:56:25.576 INFO  manager.MyListener - WebDriver start find element: By.xpath: //*[text()='Sign Out']
21:56:25.591 INFO  manager.MyListener - WebDriver found element:By.xpath: //*[text()='Sign Out']
21:56:25.621 INFO  manager.MyListener - WebDriver start find element: By.xpath: //*[text()='LOGIN']
21:56:25.636 INFO  manager.MyListener - WebDriver found element:By.xpath: //*[text()='LOGIN']
21:56:25.665 INFO  manager.MyListener - WebDriver start find element: By.xpath: //input[1]
21:56:25.680 INFO  manager.MyListener - WebDriver found element:By.xpath: //input[1]
21:56:25.750 INFO  manager.MyListener - WebDriver start find element: By.xpath: //input[2]
21:56:25.763 INFO  manager.MyListener - WebDriver found element:By.xpath: //input[2]
21:56:25.835 INFO  manager.MyListener - WebDriver start find element: By.xpath: //button[1]
21:56:25.850 INFO  manager.MyListener - WebDriver found element:By.xpath: //button[1]
21:56:26.013 INFO  tests.TestBase - Start method with name -->loginNegativeWrongEmail
21:56:26.023 INFO  manager.MyListener - WebDriver start find element: By.xpath: //*[text()='Sign Out']
21:56:26.027 INFO  manager.MyListener - WebDriver found element:By.xpath: //*[text()='Sign Out']
21:56:26.065 INFO  manager.MyListener - WebDriver start find element: By.xpath: //*[text()='LOGIN']
21:56:26.075 INFO  manager.MyListener - WebDriver found element:By.xpath: //*[text()='LOGIN']
21:56:26.104 INFO  manager.MyListener - WebDriver start find element: By.xpath: //input[1]
21:56:26.114 INFO  manager.MyListener - WebDriver found element:By.xpath: //input[1]
21:56:26.188 INFO  manager.MyListener - WebDriver start find element: By.xpath: //input[2]
21:56:26.197 INFO  manager.MyListener - WebDriver found element:By.xpath: //input[2]
21:56:26.598 INFO  manager.MyListener - WebDriver start find element: By.xpath: //button[1]
21:56:26.598 INFO  manager.MyListener - WebDriver found element:By.xpath: //button[1]
21:56:26.798 INFO  manager.HelperBase - Alert is displayed with text: Wrong email or password format
            Email must contains one @ and minimum 2 symbols after last dot
            Password must contain at least one uppercase letter!
            Password must contain at least one lowercase letter!
            Password must contain at least one digit!
            Password must contain at least one special symbol from [‘$’,’~’,’-‘,’_’]!
21:56:26.802 INFO  tests.TestBase - Start method with name -->loginSuccessCSV
21:56:31.804 INFO  manager.MyListener - WebDriver start find element: By.xpath: //*[text()='LOGIN']
21:56:31.820 INFO  manager.MyListener - WebDriver found element:By.xpath: //*[text()='LOGIN']
21:56:31.843 INFO  manager.MyListener - WebDriver start find element: By.xpath: //input[1]
21:56:31.853 INFO  manager.MyListener - WebDriver found element:By.xpath: //input[1]
21:56:31.935 INFO  manager.MyListener - WebDriver start find element: By.xpath: //input[2]
21:56:31.944 INFO  manager.MyListener - WebDriver found element:By.xpath: //input[2]
21:56:32.028 INFO  manager.MyListener - WebDriver start find element: By.xpath: //button[1]
21:56:32.037 INFO  manager.MyListener - WebDriver found element:By.xpath: //button[1]
21:56:32.203 INFO  tests.TestBase - Start method with name -->loginSuccessCSV
21:56:32.213 INFO  manager.MyListener - WebDriver start find element: By.xpath: //*[text()='Sign Out']
21:56:32.222 INFO  manager.MyListener - WebDriver found element:By.xpath: //*[text()='Sign Out']
21:56:32.252 INFO  manager.MyListener - WebDriver start find element: By.xpath: //*[text()='LOGIN']
21:56:32.264 INFO  manager.MyListener - WebDriver found element:By.xpath: //*[text()='LOGIN']
21:56:32.288 INFO  manager.MyListener - WebDriver start find element: By.xpath: //input[1]
21:56:32.298 INFO  manager.MyListener - WebDriver found element:By.xpath: //input[1]
21:56:32.371 INFO  manager.MyListener - WebDriver start find element: By.xpath: //input[2]
21:56:32.381 INFO  manager.MyListener - WebDriver found element:By.xpath: //input[2]
21:56:32.450 INFO  manager.MyListener - WebDriver start find element: By.xpath: //button[1]
21:56:32.459 INFO  manager.MyListener - WebDriver found element:By.xpath: //button[1]
21:56:32.636 INFO  tests.TestBase - Start method with name -->loginSuccessCSV
21:56:32.652 INFO  manager.MyListener - WebDriver start find element: By.xpath: //*[text()='Sign Out']
21:56:32.656 INFO  manager.MyListener - WebDriver found element:By.xpath: //*[text()='Sign Out']
21:56:32.694 INFO  manager.MyListener - WebDriver start find element: By.xpath: //*[text()='LOGIN']
21:56:32.707 INFO  manager.MyListener - WebDriver found element:By.xpath: //*[text()='LOGIN']
21:56:32.732 INFO  manager.MyListener - WebDriver start find element: By.xpath: //input[1]
21:56:32.743 INFO  manager.MyListener - WebDriver found element:By.xpath: //input[1]
21:56:32.815 INFO  manager.MyListener - WebDriver start find element: By.xpath: //input[2]
21:56:32.825 INFO  manager.MyListener - WebDriver found element:By.xpath: //input[2]
21:56:32.895 INFO  manager.MyListener - WebDriver start find element: By.xpath: //button[1]
21:56:32.904 INFO  manager.MyListener - WebDriver found element:By.xpath: //button[1]
21:56:33.071 INFO  tests.TestBase - Start method with name -->registrationSucCSV
21:56:33.088 INFO  manager.MyListener - WebDriver start find element: By.xpath: //*[text()='Sign Out']
21:56:33.103 INFO  manager.MyListener - WebDriver found element:By.xpath: //*[text()='Sign Out']
21:56:33.133 INFO  manager.MyListener - WebDriver start find element: By.xpath: //*[text()='LOGIN']
21:56:33.149 INFO  manager.MyListener - WebDriver found element:By.xpath: //*[text()='LOGIN']
21:56:33.175 INFO  manager.MyListener - WebDriver start find element: By.xpath: //input[1]
21:56:33.185 INFO  manager.MyListener - WebDriver found element:By.xpath: //input[1]
21:56:33.258 INFO  manager.MyListener - WebDriver start find element: By.xpath: //input[2]
21:56:33.267 INFO  manager.MyListener - WebDriver found element:By.xpath: //input[2]
21:56:33.335 INFO  manager.MyListener - WebDriver start find element: By.xpath: //button[2]
21:56:33.348 INFO  manager.MyListener - WebDriver found element:By.xpath: //button[2]
21:56:33.669 INFO  tests.TestBase - Start method with name -->registrationSucCSV
21:56:33.684 INFO  manager.MyListener - WebDriver start find element: By.xpath: //*[text()='Sign Out']
21:56:33.684 INFO  manager.MyListener - WebDriver found element:By.xpath: //*[text()='Sign Out']
21:56:33.726 INFO  manager.MyListener - WebDriver start find element: By.xpath: //*[text()='LOGIN']
21:56:33.737 INFO  manager.MyListener - WebDriver found element:By.xpath: //*[text()='LOGIN']
21:56:33.764 INFO  manager.MyListener - WebDriver start find element: By.xpath: //input[1]
21:56:33.784 INFO  manager.MyListener - WebDriver found element:By.xpath: //input[1]
21:56:33.856 INFO  manager.MyListener - WebDriver start find element: By.xpath: //input[2]
21:56:33.865 INFO  manager.MyListener - WebDriver found element:By.xpath: //input[2]
21:56:33.934 INFO  manager.MyListener - WebDriver start find element: By.xpath: //button[2]
21:56:33.943 INFO  manager.MyListener - WebDriver found element:By.xpath: //button[2]
21:56:34.111 INFO  tests.TestBase - Start method with name -->registrationSucCSV
21:56:34.122 INFO  manager.MyListener - WebDriver start find element: By.xpath: //*[text()='Sign Out']
21:56:34.131 INFO  manager.MyListener - WebDriver found element:By.xpath: //*[text()='Sign Out']
21:56:34.161 INFO  manager.MyListener - WebDriver start find element: By.xpath: //*[text()='LOGIN']
21:56:34.173 INFO  manager.MyListener - WebDriver found element:By.xpath: //*[text()='LOGIN']
21:56:34.198 INFO  manager.MyListener - WebDriver start find element: By.xpath: //input[1]
21:56:34.208 INFO  manager.MyListener - WebDriver found element:By.xpath: //input[1]
21:56:34.287 INFO  manager.MyListener - WebDriver start find element: By.xpath: //input[2]
21:56:34.296 INFO  manager.MyListener - WebDriver found element:By.xpath: //input[2]
21:56:34.367 INFO  manager.MyListener - WebDriver start find element: By.xpath: //button[2]
21:56:34.376 INFO  manager.MyListener - WebDriver found element:By.xpath: //button[2]
21:56:34.541 INFO  tests.TestBase - Start method with name -->registrationSuccess
21:56:34.550 INFO  manager.MyListener - WebDriver start find element: By.xpath: //*[text()='Sign Out']
21:56:34.554 INFO  manager.MyListener - WebDriver found element:By.xpath: //*[text()='Sign Out']
21:56:34.587 INFO  manager.MyListener - WebDriver start find element: By.xpath: //*[text()='LOGIN']
21:56:34.598 INFO  manager.MyListener - WebDriver found element:By.xpath: //*[text()='LOGIN']
21:56:34.626 INFO  manager.MyListener - WebDriver start find element: By.xpath: //input[1]
21:56:34.634 INFO  manager.MyListener - WebDriver found element:By.xpath: //input[1]
21:56:34.711 INFO  manager.MyListener - WebDriver start find element: By.xpath: //input[2]
21:56:34.719 INFO  manager.MyListener - WebDriver found element:By.xpath: //input[2]
21:56:35.091 INFO  manager.MyListener - WebDriver start find element: By.xpath: //button[2]
21:56:35.107 INFO  manager.MyListener - WebDriver found element:By.xpath: //button[2]
